  freeglut_callbacks.c
  freeglut_cursor.c
  freeglut_display.c
  freeglut_ext.c
  freeglut_font.c
  freeglut_font_data.c
  freeglut_gamemode.c
  freeglut_geometry.c
  freeglut_glutfont_definitions.c
C:\Users\paulo\Downloads\CG_skel_2019\CG_skel_2019\freeglut\src\freeglut_gamemode.c(393,9): warning C4996: 'sscanf': This function or variable may be unsafe. Consider using sscanf_s instead. To disable deprecation, use _CRT_SECURE_NO_WARNINGS. See online help for details.
C:\Users\paulo\Downloads\CG_skel_2019\CG_skel_2019\freeglut\src\freeglut_gamemode.c(395,13): warning C4996: 'sscanf': This function or variable may be unsafe. Consider using sscanf_s instead. To disable deprecation, use _CRT_SECURE_NO_WARNINGS. See online help for details.
C:\Users\paulo\Downloads\CG_skel_2019\CG_skel_2019\freeglut\src\freeglut_gamemode.c(396,17): warning C4996: 'sscanf': This function or variable may be unsafe. Consider using sscanf_s instead. To disable deprecation, use _CRT_SECURE_NO_WARNINGS. See online help for details.
C:\Users\paulo\Downloads\CG_skel_2019\CG_skel_2019\freeglut\src\freeglut_gamemode.c(397,21): warning C4996: 'sscanf': This function or variable may be unsafe. Consider using sscanf_s instead. To disable deprecation, use _CRT_SECURE_NO_WARNINGS. See online help for details.
C:\Users\paulo\Downloads\CG_skel_2019\CG_skel_2019\freeglut\src\freeglut_gamemode.c(398,25): warning C4996: 'sscanf': This function or variable may be unsafe. Consider using sscanf_s instead. To disable deprecation, use _CRT_SECURE_NO_WARNINGS. See online help for details.
C:\Users\paulo\Downloads\CG_skel_2019\CG_skel_2019\freeglut\src\freeglut_gamemode.c(399,29): warning C4996: 'sscanf': This function or variable may be unsafe. Consider using sscanf_s instead. To disable deprecation, use _CRT_SECURE_NO_WARNINGS. See online help for details.
C:\Users\paulo\Downloads\CG_skel_2019\CG_skel_2019\freeglut\src\freeglut_gamemode.c(400,33): warning C4996: 'sscanf': This function or variable may be unsafe. Consider using sscanf_s instead. To disable deprecation, use _CRT_SECURE_NO_WARNINGS. See online help for details.
  freeglut_init.c
C:\Users\paulo\Downloads\CG_skel_2019\CG_skel_2019\freeglut\src\freeglut_init.c(722,13): warning C4996: 'sscanf': This function or variable may be unsafe. Consider using sscanf_s instead. To disable deprecation, use _CRT_SECURE_NO_WARNINGS. See online help for details.
C:\Users\paulo\Downloads\CG_skel_2019\CG_skel_2019\freeglut\src\freeglut_init.c(741,19): warning C4996: 'getenv': This function or variable may be unsafe. Consider using _dupenv_s instead. To disable deprecation, use _CRT_SECURE_NO_WARNINGS. See online help for details.
C:\Users\paulo\Downloads\CG_skel_2019\CG_skel_2019\freeglut\src\freeglut_init.c(685,12): warning C4101: 'sLen': unreferenced local variable
  freeglut_input_devices.c
C:\Users\paulo\Downloads\CG_skel_2019\CG_skel_2019\freeglut\src\freeglut_input_devices.c(152,23): warning C4996: 'getenv': This function or variable may be unsafe. Consider using _dupenv_s instead. To disable deprecation, use _CRT_SECURE_NO_WARNINGS. See online help for details.
  freeglut_joystick.c
C:\Users\paulo\Downloads\CG_skel_2019\CG_skel_2019\freeglut\src\freeglut_joystick.c(1019,5): warning C4996: '_snprintf': This function or variable may be unsafe. Consider using _snprintf_s instead. To disable deprecation, use _CRT_SECURE_NO_WARNINGS. See online help for details.
C:\Users\paulo\Downloads\CG_skel_2019\CG_skel_2019\freeglut\src\freeglut_joystick.c(1031,5): warning C4996: '_snprintf': This function or variable may be unsafe. Consider using _snprintf_s instead. To disable deprecation, use _CRT_SECURE_NO_WARNINGS. See online help for details.
C:\Users\paulo\Downloads\CG_skel_2019\CG_skel_2019\freeglut\src\freeglut_joystick.c(1039,5): warning C4996: '_snprintf': This function or variable may be unsafe. Consider using _snprintf_s instead. To disable deprecation, use _CRT_SECURE_NO_WARNINGS. See online help for details.
C:\Users\paulo\Downloads\CG_skel_2019\CG_skel_2019\freeglut\src\freeglut_joystick.c(1273,13): warning C4996: 'strncpy': This function or variable may be unsafe. Consider using strncpy_s instead. To disable deprecation, use _CRT_SECURE_NO_WARNINGS. See online help for details.
  freeglut_main.c
  freeglut_menu.c
  freeglut_misc.c
  freeglut_overlay.c
  freeglut_spaceball.c
  freeglut_state.c
  freeglut_stroke_mono_roman.c
  freeglut_stroke_roman.c
  Compiling...
  freeglut_structure.c
  freeglut_teapot.c
  freeglut_videoresize.c
  freeglut_window.c
  fgSetupPixelFormat(): there is still some work to do here!
C:\Program Files\Microsoft Visual Studio\2022\Community\MSBuild\Microsoft\VC\v170\Microsoft.CppBuild.targets(1574,5): warning MSB8012: TargetPath(C:\Users\paulo\Downloads\CG_skel_2019\CG_skel_2019\Release\freeglut.lib) does not match the Library's OutputFile property value (C:\Users\paulo\Downloads\CG_skel_2019\CG_skel_2019\freeglut\lib\freeglut_static.lib). This may cause your project to build incorrectly. To correct this, please make sure that $(OutDir), $(TargetName) and $(TargetExt) property values match the value specified in %(Lib.OutputFile).
C:\Program Files\Microsoft Visual Studio\2022\Community\MSBuild\Microsoft\VC\v170\Microsoft.CppBuild.targets(1576,5): warning MSB8012: TargetName(freeglut) does not match the Library's OutputFile property value (freeglut_static). This may cause your project to build incorrectly. To correct this, please make sure that $(OutDir), $(TargetName) and $(TargetExt) property values match the value specified in %(Lib.OutputFile).
  freeglut.vcxproj -> C:\Users\paulo\Downloads\CG_skel_2019\CG_skel_2019\Release\freeglut.lib
