  stdafx.cpp
  CG_skel_w_MFC.cpp
C:\Users\paulo\Downloads\CG_skel_2019\CG_skel_2019\CG_skel_w_MFC\vec.h(128,21): warning C4244: 'return': conversion from 'double' to 'GLfloat', possible loss of data
  (compiling source file '/CG_skel_w_MFC.cpp')
  
C:\Users\paulo\Downloads\CG_skel_2019\CG_skel_2019\CG_skel_w_MFC\mat.h(542,19): warning C4244: 'initializing': conversion from 'double' to 'GLfloat', possible loss of data
  (compiling source file '/CG_skel_w_MFC.cpp')
  
  InitShader.cpp
C:\Users\paulo\Downloads\CG_skel_2019\CG_skel_2019\CG_skel_w_MFC\InitShader.cpp(11,16): warning C4996: 'fopen': This function or variable may be unsafe. Consider using fopen_s instead. To disable deprecation, use _CRT_SECURE_NO_WARNINGS. See online help for details.
  (compiling source file '/InitShader.cpp')
  
  MeshModel.cpp
C:\Users\paulo\Downloads\CG_skel_2019\CG_skel_2019\CG_skel_w_MFC\vec.h(128,21): warning C4244: 'return': conversion from 'double' to 'GLfloat', possible loss of data
  (compiling source file '/MeshModel.cpp')
  
C:\Users\paulo\Downloads\CG_skel_2019\CG_skel_2019\CG_skel_w_MFC\mat.h(542,19): warning C4244: 'initializing': conversion from 'double' to 'GLfloat', possible loss of data
  (compiling source file '/MeshModel.cpp')
  
  Renderer.cpp
C:\Users\paulo\Downloads\CG_skel_2019\CG_skel_2019\CG_skel_w_MFC\vec.h(128,21): warning C4244: 'return': conversion from 'double' to 'GLfloat', possible loss of data
  (compiling source file '/Renderer.cpp')
  
C:\Users\paulo\Downloads\CG_skel_2019\CG_skel_2019\CG_skel_w_MFC\mat.h(542,19): warning C4244: 'initializing': conversion from 'double' to 'GLfloat', possible loss of data
  (compiling source file '/Renderer.cpp')
  
  Scene.cpp
C:\Users\paulo\Downloads\CG_skel_2019\CG_skel_2019\CG_skel_w_MFC\vec.h(128,21): warning C4244: 'return': conversion from 'double' to 'GLfloat', possible loss of data
  (compiling source file '/Scene.cpp')
  
C:\Users\paulo\Downloads\CG_skel_2019\CG_skel_2019\CG_skel_w_MFC\mat.h(542,19): warning C4244: 'initializing': conversion from 'double' to 'GLfloat', possible loss of data
  (compiling source file '/Scene.cpp')
  
LINK : warning LNK4098: defaultlib 'MSVCRT' conflicts with use of other libs; use /NODEFAULTLIB:library
  Generating code
  Previous IPDB not found, fall back to full compilation.
  All 961 functions were compiled because no usable IPDB/IOBJ from previous compilation was found.
  Finished generating code
  CG_skel_w_MFC.vcxproj -> C:\Users\paulo\Downloads\CG_skel_2019\CG_skel_2019\Release\CG_skel_w_MFC.exe
